[2021-03-18 05:43:53.980] [exthost] [info] extension host started
[2021-03-18 05:43:54.270] [exthost] [info] ExtensionService#_doActivateExtension vscode.debug-auto-launch {"startup":true,"extensionId":{"value":"vscode.debug-auto-launch","_lower":"vscode.debug-auto-launch"},"activationEvent":"*"}
[2021-03-18 05:43:54.271] [exthost] [info] ExtensionService#loadCommonJSModule file:///home/ubuntu/.vscode-server/bin/2b9aebd5354a3629c3aba0a5f5df49f43d6689f8/extensions/debug-auto-launch/dist/extension
[2021-03-18 05:43:54.276] [exthost] [info] ExtensionService#_doActivateExtension vscode.git {"startup":true,"extensionId":{"value":"vscode.github","_lower":"vscode.github"},"activationEvent":"*"}
[2021-03-18 05:43:54.276] [exthost] [info] ExtensionService#loadCommonJSModule file:///home/ubuntu/.vscode-server/bin/2b9aebd5354a3629c3aba0a5f5df49f43d6689f8/extensions/git/dist/main
[2021-03-18 05:43:54.969] [exthost] [info] ExtensionService#_doActivateExtension vscode.github {"startup":true,"extensionId":{"value":"vscode.github","_lower":"vscode.github"},"activationEvent":"*"}
[2021-03-18 05:43:54.970] [exthost] [info] ExtensionService#loadCommonJSModule file:///home/ubuntu/.vscode-server/bin/2b9aebd5354a3629c3aba0a5f5df49f43d6689f8/extensions/github/dist/extension.js
[2021-03-18 05:43:55.234] [exthost] [info] ExtensionService#_doActivateExtension vscode.emmet {"startup":false,"extensionId":{"value":"vscode.emmet","_lower":"vscode.emmet"},"activationEvent":"onStartupFinished"}
[2021-03-18 05:43:55.234] [exthost] [info] ExtensionService#loadCommonJSModule file:///home/ubuntu/.vscode-server/bin/2b9aebd5354a3629c3aba0a5f5df49f43d6689f8/extensions/emmet/dist/node/emmetNodeMain
[2021-03-18 05:43:55.249] [exthost] [info] ExtensionService#_doActivateExtension vscode.merge-conflict {"startup":false,"extensionId":{"value":"vscode.merge-conflict","_lower":"vscode.merge-conflict"},"activationEvent":"onStartupFinished"}
[2021-03-18 05:43:55.249] [exthost] [info] ExtensionService#loadCommonJSModule file:///home/ubuntu/.vscode-server/bin/2b9aebd5354a3629c3aba0a5f5df49f43d6689f8/extensions/merge-conflict/dist/mergeConflictMain
[2021-03-18 05:43:55.253] [exthost] [info] ExtensionService#_doActivateExtension vscode.testing-editor-contributions {"startup":false,"extensionId":{"value":"vscode.testing-editor-contributions","_lower":"vscode.testing-editor-contributions"},"activationEvent":"onStartupFinished"}
[2021-03-18 05:43:55.253] [exthost] [info] ExtensionService#loadCommonJSModule file:///home/ubuntu/.vscode-server/bin/2b9aebd5354a3629c3aba0a5f5df49f43d6689f8/extensions/testing-editor-contributions/dist/extension.js
[2021-03-18 05:43:55.254] [exthost] [info] eager extensions activated
[2021-03-18 05:43:55.393] [exthost] [info] ExtensionService#_doActivateExtension ms-vscode.js-debug {"startup":false,"extensionId":{"value":"ms-vscode.js-debug","_lower":"ms-vscode.js-debug"},"activationEvent":"onCommand:extension.js-debug.clearAutoAttachVariables"}
[2021-03-18 05:43:55.393] [exthost] [info] ExtensionService#loadCommonJSModule file:///home/ubuntu/.vscode-server/bin/2b9aebd5354a3629c3aba0a5f5df49f43d6689f8/extensions/ms-vscode.js-debug/src/extension.js
[2021-03-18 05:46:17.214] [exthost] [info] ExtensionService#_doActivateExtension vscode.html-language-features {"startup":false,"extensionId":{"value":"vscode.html-language-features","_lower":"vscode.html-language-features"},"activationEvent":"onLanguage:html"}
[2021-03-18 05:46:17.214] [exthost] [info] ExtensionService#loadCommonJSModule file:///home/ubuntu/.vscode-server/bin/2b9aebd5354a3629c3aba0a5f5df49f43d6689f8/extensions/html-language-features/client/dist/node/htmlClientMain
[2021-03-18 08:03:11.891] [exthost] [info] extension host terminating: renderer disconnected for too long (2)
[2021-03-18 08:03:12.905] [exthost] [info] exiting with code 0
